0 info it worked if it ends with ok
1 verbose cli [ 'c:\\Program Files (x86)\\nodejs\\node.exe',
1 verbose cli   'c:\\Program Files (x86)\\nodejs\\node_modules\\npm\\bin\\npm-cli.js',
1 verbose cli   'install',
1 verbose cli   '-g',
1 verbose cli   'coffeescript[D' ]
2 info using npm@1.4.28
3 info using node@v0.10.32
4 verbose cache add [ 'coffeescript[D', null ]
5 verbose cache add name=undefined spec="coffeescript[D" args=["coffeescript[D",null]
6 verbose parsed url { protocol: null,
6 verbose parsed url   slashes: null,
6 verbose parsed url   auth: null,
6 verbose parsed url   host: null,
6 verbose parsed url   port: null,
6 verbose parsed url   hostname: null,
6 verbose parsed url   hash: null,
6 verbose parsed url   search: null,
6 verbose parsed url   query: null,
6 verbose parsed url   pathname: 'coffeescript[D',
6 verbose parsed url   path: 'coffeescript[D',
6 verbose parsed url   href: 'coffeescript[D' }
7 silly lockFile 937e2dbf-coffeescript-D coffeescript[D
8 verbose lock coffeescript[D C:\Users\Aleksueir\AppData\Roaming\npm-cache\937e2dbf-coffeescript-D.lock
9 silly lockFile 937e2dbf-coffeescript-D coffeescript[D
10 silly lockFile 937e2dbf-coffeescript-D coffeescript[D
11 verbose addNamed [ 'coffeescript[D', '' ]
12 verbose addNamed [ null, '*' ]
13 silly lockFile 1a5d6690-coffeescript-D coffeescript[D@
14 verbose lock coffeescript[D@ C:\Users\Aleksueir\AppData\Roaming\npm-cache\1a5d6690-coffeescript-D.lock
15 silly addNameRange { name: 'coffeescript[D', range: '*', hasData: false }
16 verbose request where is /coffeescript[D
17 verbose request registry https://registry.npmjs.org/
18 verbose request id 69d4ae688855a27e
19 verbose url raw /coffeescript[D
20 verbose url resolving [ 'https://registry.npmjs.org/', './coffeescript%5BD' ]
21 verbose url resolved https://registry.npmjs.org/coffeescript%5BD
22 verbose request where is https://registry.npmjs.org/coffeescript%5BD
23 info trying registry request attempt 1 at 08:50:25
24 http GET https://registry.npmjs.org/coffeescript%5BD
25 http 404 https://registry.npmjs.org/coffeescript%5BD
26 silly registry.get cb [ 404,
26 silly registry.get   { 'content-type': 'application/json',
26 silly registry.get     'cache-control': 'max-age=0',
26 silly registry.get     'content-length': '2',
26 silly registry.get     'accept-ranges': 'bytes',
26 silly registry.get     date: 'Thu, 20 Aug 2015 12:50:25 GMT',
26 silly registry.get     via: '1.1 varnish',
26 silly registry.get     age: '0',
26 silly registry.get     connection: 'keep-alive',
26 silly registry.get     'x-served-by': 'cache-atl6227-ATL',
26 silly registry.get     'x-cache': 'MISS',
26 silly registry.get     'x-cache-hits': '0',
26 silly registry.get     'x-timer': 'S1440075025.574657,VS0,VE30' } ]
27 silly lockFile 1a5d6690-coffeescript-D coffeescript[D@
28 silly lockFile 1a5d6690-coffeescript-D coffeescript[D@
29 error 404 Not Found
29 error 404
29 error 404 'coffeescript[D' is not in the npm registry.
29 error 404 You should bug the author to publish it
29 error 404
29 error 404 Note that you can also install from a
29 error 404 tarball, folder, or http url, or git url.
30 error System Windows_NT 6.1.7601
31 error command "c:\\Program Files (x86)\\nodejs\\node.exe" "c:\\Program Files (x86)\\nodejs\\node_modules\\npm\\bin\\npm-cli.js" "install" "-g" "coffeescript[D"
32 error cwd c:\Users\Aleksueir\Code\GitHub\glitch
33 error node -v v0.10.32
34 error npm -v 1.4.28
35 error code E404
36 verbose exit [ 1, true ]
